<?xml version="1.0" encoding="UTF-8"?>
<!-- Generated by org.testng.reporters.JUnitReportReporter -->
<testsuite hostname="DESKTOP-FE3TF8H" failures="0" tests="1" name="testing.WindowHandles" time="28.692" errors="0" timestamp="12 Dec 2020 21:01:20 GMT" skipped="0">
  <testcase classname="testing.WindowHandles" name="methodForWindowHandles" time="28.692"/>
</testsuite> <!-- testing.WindowHandles -->
