<?xml version="1.0" encoding="UTF-8"?>
<!-- Generated by org.testng.reporters.JUnitReportReporter -->
<testsuite hostname="DESKTOP-FE3TF8H" failures="0" tests="1" name="actionsClass.KeyBoardOperations" time="10.378" errors="0" timestamp="21 Jan 2021 23:53:49 GMT" skipped="0">
  <testcase classname="actionsClass.KeyBoardOperations" name="KeyBoardOperations" time="10.378"/>
</testsuite> <!-- actionsClass.KeyBoardOperations -->
