<?xml version="1.0" encoding="UTF-8"?>
<!-- Generated by org.testng.reporters.JUnitReportReporter -->
<testsuite hostname="DESKTOP-FE3TF8H" failures="0" tests="1" name="actionsClass.MouseOperations" time="132.657" errors="0" timestamp="21 Jan 2021 03:24:44 GMT" skipped="0">
  <testcase classname="actionsClass.MouseOperations" name="MouseOperations" time="132.657"/>
</testsuite> <!-- actionsClass.MouseOperations -->
