<?xml version="1.0" encoding="UTF-8"?>
<!-- Generated by org.testng.reporters.JUnitReportReporter -->
<testsuite hostname="DESKTOP-FE3TF8H" failures="0" tests="1" name="actionsClass.MouseOperation2" time="29.929" errors="0" timestamp="21 Jan 2021 23:01:48 GMT" skipped="0">
  <testcase classname="actionsClass.MouseOperation2" name="MouseOperation2" time="29.929"/>
</testsuite> <!-- actionsClass.MouseOperation2 -->
